#
# There is insufficient memory for the Java Runtime Environment to continue.
# Native memory allocation (malloc) failed to allocate 32744 bytes for ChunkPool::allocate
# Possible reasons:
#   The system is out of physical RAM or swap space
#   The process is running with CompressedOops enabled, and the Java Heap may be blocking the growth of the native heap
# Possible solutions:
#   Reduce memory load on the system
#   Increase physical memory or swap space
#   Check if swap backing store is full
#   Decrease Java heap size (-Xmx/-Xms)
#   Decrease number of Java threads

V  [jvm.dll+0x7da13d]
V  [jvm.dll+0x7dba83]
V  [jvm.dll+0x7dc0f3]
V  [jvm.dll+0x2449af]
V  [jvm.dll+0xaba8c]
V  [jvm.dll+0xabe1c]
V  [jvm.dll+0x6075ee]
V  [jvm.dll+0x60778f]
V  [jvm.dll+0x60ce5c]
V  [jvm.dll+0x60dd5c]
V  [jvm.dll+0x60c24a]
V  [jvm.dll+0x21605e]
V  [jvm.dll+0x21560f]
V  [jvm.dll+0x1a2040]
V  [jvm.dll+0x225a2b]
V  [jvm.dll+0x223bcb]
V  [jvm.dll+0x7903ec]
V  [jvm.dll+0x78a85a]
V  [jvm.dll+0x678bb5]
C  [ucrtbase.dll+0x29333]
C  [KERNEL32.DLL+0x1259d]
C  [ntdll.dll+0x5af78]


---------------  P R O C E S S  ---------------

Threads class SMR info:
_java_thread_list=0x0000015a15185270, length=13, elements={
0x00000159b62454d0, 0x00000159b62ecc30, 0x00000159b62ed7f0, 0x00000159b6304190,
0x00000159b6304b50, 0x00000159b6307520, 0x00000159b6308680, 0x00000159b630d850,
0x00000159b630e9f0, 0x00000159cf9e2920, 0x00000159cfc289f0, 0x00000159cfc301a0,
0x0000015a15cf55f0
}

Java Threads: ( => current thread )
  0x00000159b62454d0 JavaThread "main" [_thread_in_native, id=2740, stack(0x0000002c0ec00000,0x0000002c0ed00000)]
  0x00000159b62ecc30 JavaThread "Reference Handler" daemon [_thread_blocked, id=5996, stack(0x0000002c0f300000,0x0000002c0f400000)]
  0x00000159b62ed7f0 JavaThread "Finalizer" daemon [_thread_blocked, id=1632, stack(0x0000002c0f400000,0x0000002c0f500000)]
  0x00000159b6304190 JavaThread "Signal Dispatcher" daemon [_thread_blocked, id=17732, stack(0x0000002c0f500000,0x0000002c0f600000)]
  0x00000159b6304b50 JavaThread "Attach Listener" daemon [_thread_blocked, id=17668, stack(0x0000002c0f600000,0x0000002c0f700000)]
  0x00000159b6307520 JavaThread "Service Thread" daemon [_thread_blocked, id=17696, stack(0x0000002c0f700000,0x0000002c0f800000)]
  0x00000159b6308680 JavaThread "Monitor Deflation Thread" daemon [_thread_blocked, id=10276, stack(0x0000002c0f800000,0x0000002c0f900000)]
=>0x00000159b630d850 JavaThread "C2 CompilerThread0" daemon [_thread_in_native, id=17276, stack(0x0000002c0f900000,0x0000002c0fa00000)]
  0x00000159b630e9f0 JavaThread "C1 CompilerThread0" daemon [_thread_blocked, id=12420, stack(0x0000002c0fa00000,0x0000002c0fb00000)]
  0x00000159cf9e2920 JavaThread "Sweeper thread" daemon [_thread_blocked, id=11100, stack(0x0000002c0fb00000,0x0000002c0fc00000)]
  0x00000159cfc289f0 JavaThread "Notification Thread" daemon [_thread_blocked, id=5044, stack(0x0000002c0fc00000,0x0000002c0fd00000)]
  0x00000159cfc301a0 JavaThread "Common-Cleaner" daemon [_thread_blocked, id=6380, stack(0x0000002c0fe00000,0x0000002c0ff00000)]
  0x0000015a15cf55f0 JavaThread "pool-1-thread-1" [_thread_in_native, id=6420, stack(0x0000002c10400000,0x0000002c10500000)]

Other Threads:
  0x00000159b62e55d0 VMThread "VM Thread" [stack: 0x0000002c0f200000,0x0000002c0f300000] [id=8844]
  0x00000159cfc2f2f0 WatcherThread [stack: 0x0000002c0fd00000,0x0000002c0fe00000] [id=5664]
  0x00000159b6265ea0 GCTaskThread "GC Thread#0" [stack: 0x0000002c0ed00000,0x0000002c0ee00000] [id=12052]
  0x00000159cff37840 GCTaskThread "GC Thread#1" [stack: 0x0000002c10100000,0x0000002c10200000] [id=8032]
  0x0000015a1531abe0 GCTaskThread "GC Thread#2" [stack: 0x0000002c10200000,0x0000002c10300000] [id=15728]
  0x0000015a1510a590 GCTaskThread "GC Thread#3" [stack: 0x0000002c10300000,0x0000002c10400000] [id=3572]
  0x0000015a154f7c60 GCTaskThread "GC Thread#4" [stack: 0x0000002c0ff00000,0x0000002c10000000] [id=9632]
  0x0000015a1605e890 GCTaskThread "GC Thread#5" [stack: 0x0000002c10000000,0x0000002c10100000] [id=11180]
  0x0000015a15b58260 GCTaskThread "GC Thread#6" [stack: 0x0000002c10500000,0x0000002c10600000] [id=18284]
  0x00000159b62675f0 ConcurrentGCThread "G1 Main Marker" [stack: 0x0000002c0ee00000,0x0000002c0ef00000] [id=17700]
  0x00000159b6269010 ConcurrentGCThread "G1 Conc#0" [stack: 0x0000002c0ef00000,0x0000002c0f000000] [id=11668]
  0x00000159b62c76f0 ConcurrentGCThread "G1 Refine#0" [stack: 0x0000002c0f000000,0x0000002c0f100000] [id=2848]
  0x0000015a15c83020 ConcurrentGCThread "G1 Refine#1" [stack: 0x0000002c10600000,0x0000002c10700000] [id=13140]
  0x0000015a15c142b0 ConcurrentGCThread "G1 Refine#2" [stack: 0x0000002c10700000,0x0000002c10800000] [id=10572]
  0x00000159b62c8120 ConcurrentGCThread "G1 Service" [stack: 0x0000002c0f100000,0x0000002c0f200000] [id=17724]

Threads with active compile tasks:
C2 CompilerThread0    61987 1870       4       org.gradle.internal.logging.text.AbstractLineChoppingStyledTextOutput$1::execute (9 bytes)

VM state: not at safepoint (normal execution)

VM Mutex/Monitor currently owned by a thread: None

Heap address: 0x00000000fc000000, size: 64 MB, Compressed Oops mode: 32-bit

CDS archive(s) mapped at: [0x00000159d0000000-0x00000159d0bd0000-0x00000159d0bd0000), size 12386304, SharedBaseAddress: 0x00000159d0000000, ArchiveRelocationMode: 1.
Compressed class space mapped at: 0x00000159d1000000-0x0000015a11000000, reserved size: 1073741824
Narrow klass base: 0x00000159d0000000, Narrow klass shift: 0, Narrow klass range: 0x100000000

GC Precious Log:
 CPUs: 8 total, 8 available
 Memory: 7926M
 Large Page Support: Disabled
 NUMA Support: Disabled
 Compressed Oops: Enabled (32-bit)
 Heap Region Size: 1M
 Heap Min Capacity: 64M
 Heap Initial Capacity: 64M
 Heap Max Capacity: 64M
 Pre-touch: Disabled
 Parallel Workers: 8
 Concurrent Workers: 2
 Concurrent Refinement Workers: 8
 Periodic GC: Disabled

Heap:
 garbage-first heap   total 65536K, used 17447K [0x00000000fc000000, 0x0000000100000000)
  region size 1024K, 11 young (11264K), 4 survivors (4096K)
 Metaspace       used 9533K, committed 9728K, reserved 1114112K
  class space    used 1257K, committed 1344K, reserved 1048576K

Heap Regions: E=young(eden), S=young(survivor), O=old, HS=humongous(starts), HC=humongous(continues), CS=collection set, F=free, OA=open archive, CA=closed archive, TAMS=top-at-mark-start (previous, next)
|   0|0x00000000fc000000, 0x00000000fc100000, 0x00000000fc100000|100%|HS|  |TAMS 0x00000000fc000000, 0x00000000fc000000| Complete 
|   1|0x00000000fc100000, 0x00000000fc200000, 0x00000000fc200000|100%|HC|  |TAMS 0x00000000fc100000, 0x00000000fc100000| Complete 
|   2|0x00000000fc200000, 0x00000000fc300000, 0x00000000fc300000|100%|HC|  |TAMS 0x00000000fc200000, 0x00000000fc200000| Complete 
|   3|0x00000000fc300000, 0x00000000fc400000, 0x00000000fc400000|100%| O|  |TAMS 0x00000000fc300000, 0x00000000fc300000| Untracked 
|   4|0x00000000fc400000, 0x00000000fc500000, 0x00000000fc500000|100%| O|  |TAMS 0x00000000fc400000, 0x00000000fc400000| Untracked 
|   5|0x00000000fc500000, 0x00000000fc600000, 0x00000000fc600000|100%| O|  |TAMS 0x00000000fc500000, 0x00000000fc500000| Untracked 
|   6|0x00000000fc600000, 0x00000000fc700000, 0x00000000fc700000|100%| O|  |TAMS 0x00000000fc600000, 0x00000000fc600000| Untracked 
|   7|0x00000000fc700000, 0x00000000fc709c00, 0x00000000fc800000|  3%| O|  |TAMS 0x00000000fc700000, 0x00000000fc700000| Untracked 
|   8|0x00000000fc800000, 0x00000000fc800000, 0x00000000fc900000|  0%| F|  |TAMS 0x00000000fc800000, 0x00000000fc800000| Untracked 
|   9|0x00000000fc900000, 0x00000000fc900000, 0x00000000fca00000|  0%| F|  |TAMS 0x00000000fc900000, 0x00000000fc900000| Untracked 
|  10|0x00000000fca00000, 0x00000000fca00000, 0x00000000fcb00000|  0%| F|  |TAMS 0x00000000fca00000, 0x00000000fca00000| Untracked 
|  11|0x00000000fcb00000, 0x00000000fcb00000, 0x00000000fcc00000|  0%| F|  |TAMS 0x00000000fcb00000, 0x00000000fcb00000| Untracked 
|  12|0x00000000fcc00000, 0x00000000fcc00000, 0x00000000fcd00000|  0%| F|  |TAMS 0x00000000fcc00000, 0x00000000fcc00000| Untracked 
|  13|0x00000000fcd00000, 0x00000000fcd00000, 0x00000000fce00000|  0%| F|  |TAMS 0x00000000fcd00000, 0x00000000fcd00000| Untracked 
|  14|0x00000000fce00000, 0x00000000fce00000, 0x00000000fcf00000|  0%| F|  |TAMS 0x00000000fce00000, 0x00000000fce00000| Untracked 
|  15|0x00000000fcf00000, 0x00000000fcf00000, 0x00000000fd000000|  0%| F|  |TAMS 0x00000000fcf00000, 0x00000000fcf00000| Untracked 
|  16|0x00000000fd000000, 0x00000000fd000000, 0x00000000fd100000|  0%| F|  |TAMS 0x00000000fd000000, 0x00000000fd000000| Untracked 
|  17|0x00000000fd100000, 0x00000000fd100000, 0x00000000fd200000|  0%| F|  |TAMS 0x00000000fd100000, 0x00000000fd100000| Untracked 
|  18|0x00000000fd200000, 0x00000000fd200000, 0x00000000fd300000|  0%| F|  |TAMS 0x00000000fd200000, 0x00000000fd200000| Untracked 
|  19|0x00000000fd300000, 0x00000000fd300000, 0x00000000fd400000|  0%| F|  |TAMS 0x00000000fd300000, 0x00000000fd300000| Untracked 
|  20|0x00000000fd400000, 0x00000000fd400000, 0x00000000fd500000|  0%| F|  |TAMS 0x00000000fd400000, 0x00000000fd400000| Untracked 
|  21|0x00000000fd500000, 0x00000000fd500000, 0x00000000fd600000|  0%| F|  |TAMS 0x00000000fd500000, 0x00000000fd500000| Untracked 
|  22|0x00000000fd600000, 0x00000000fd600000, 0x00000000fd700000|  0%| F|  |TAMS 0x00000000fd600000, 0x00000000fd600000| Untracked 
|  23|0x00000000fd700000, 0x00000000fd700000, 0x00000000fd800000|  0%| F|  |TAMS 0x00000000fd700000, 0x00000000fd700000| Untracked 
|  24|0x00000000fd800000, 0x00000000fd800000, 0x00000000fd900000|  0%| F|  |TAMS 0x00000000fd800000, 0x00000000fd800000| Untracked 
|  25|0x00000000fd900000, 0x00000000fd900000, 0x00000000fda00000|  0%| F|  |TAMS 0x00000000fd900000, 0x00000000fd900000| Untracked 
|  26|0x00000000fda00000, 0x00000000fda00000, 0x00000000fdb00000|  0%| F|  |TAMS 0x00000000fda00000, 0x00000000fda00000| Untracked 
|  27|0x00000000fdb00000, 0x00000000fdb00000, 0x00000000fdc00000|  0%| F|  |TAMS 0x00000000fdb00000, 0x00000000fdb00000| Untracked 
|  28|0x00000000fdc00000, 0x00000000fdd00000, 0x00000000fdd00000|100%| S|CS|TAMS 0x00000000fdc00000, 0x00000000fdc00000| Complete 
|  29|0x00000000fdd00000, 0x00000000fde00000, 0x00000000fde00000|100%| S|CS|TAMS 0x00000000fdd00000, 0x00000000fdd00000| Complete 
|  30|0x00000000fde00000, 0x00000000fdf00000, 0x00000000fdf00000|100%| S|CS|TAMS 0x00000000fde00000, 0x00000000fde00000| Complete 
|  31|0x00000000fdf00000, 0x00000000fe000000, 0x00000000fe000000|100%| S|CS|TAMS 0x00000000fdf00000, 0x00000000fdf00000| Complete 
|  32|0x00000000fe000000, 0x00000000fe000000, 0x00000000fe100000|  0%| F|  |TAMS 0x00000000fe000000, 0x00000000fe000000| Untracked 
|  33|0x00000000fe100000, 0x00000000fe100000, 0x00000000fe200000|  0%| F|  |TAMS 0x00000000fe100000, 0x00000000fe100000| Untracked 
|  34|0x00000000fe200000, 0x00000000fe200000, 0x00000000fe300000|  0%| F|  |TAMS 0x00000000fe200000, 0x00000000fe200000| Untracked 
|  35|0x00000000fe300000, 0x00000000fe300000, 0x00000000fe400000|  0%| F|  |TAMS 0x00000000fe300000, 0x00000000fe300000| Untracked 
|  36|0x00000000fe400000, 0x00000000fe400000, 0x00000000fe500000|  0%| F|  |TAMS 0x00000000fe400000, 0x00000000fe400000| Untracked 
|  37|0x00000000fe500000, 0x00000000fe500000, 0x00000000fe600000|  0%| F|  |TAMS 0x00000000fe500000, 0x00000000fe500000| Untracked 
|  38|0x00000000fe600000, 0x00000000fe600000, 0x00000000fe700000|  0%| F|  |TAMS 0x00000000fe600000, 0x00000000fe600000| Untracked 
|  39|0x00000000fe700000, 0x00000000fe700000, 0x00000000fe800000|  0%| F|  |TAMS 0x00000000fe700000, 0x00000000fe700000| Untracked 
|  40|0x00000000fe800000, 0x00000000fe800000, 0x00000000fe900000|  0%| F|  |TAMS 0x00000000fe800000, 0x00000000fe800000| Untracked 
|  41|0x00000000fe900000, 0x00000000fe900000, 0x00000000fea00000|  0%| F|  |TAMS 0x00000000fe900000, 0x00000000fe900000| Untracked 
|  42|0x00000000fea00000, 0x00000000fea00000, 0x00000000feb00000|  0%| F|  |TAMS 0x00000000fea00000, 0x00000000fea00000| Untracked 
|  43|0x00000000feb00000, 0x00000000feb00000, 0x00000000fec00000|  0%| F|  |TAMS 0x00000000feb00000, 0x00000000feb00000| Untracked 
|  44|0x00000000fec00000, 0x00000000fec00000, 0x00000000fed00000|  0%| F|  |TAMS 0x00000000fec00000, 0x00000000fec00000| Untracked 
|  45|0x00000000fed00000, 0x00000000fed00000, 0x00000000fee00000|  0%| F|  |TAMS 0x00000000fed00000, 0x00000000fed00000| Untracked 
|  46|0x00000000fee00000, 0x00000000fee00000, 0x00000000fef00000|  0%| F|  |TAMS 0x00000000fee00000, 0x00000000fee00000| Untracked 
|  47|0x00000000fef00000, 0x00000000fef00000, 0x00000000ff000000|  0%| F|  |TAMS 0x00000000fef00000, 0x00000000fef00000| Untracked 
|  48|0x00000000ff000000, 0x00000000ff000000, 0x00000000ff100000|  0%| F|  |TAMS 0x00000000ff000000, 0x00000000ff000000| Untracked 
|  49|0x00000000ff100000, 0x00000000ff100000, 0x00000000ff200000|  0%| F|  |TAMS 0x00000000ff100000, 0x00000000ff100000| Untracked 
|  50|0x00000000ff200000, 0x00000000ff200000, 0x00000000ff300000|  0%| F|  |TAMS 0x00000000ff200000, 0x00000000ff200000| Untracked 
|  51|0x00000000ff300000, 0x00000000ff300000, 0x00000000ff400000|  0%| F|  |TAMS 0x00000000ff300000, 0x00000000ff300000| Untracked 
|  52|0x00000000ff400000, 0x00000000ff400000, 0x00000000ff500000|  0%| F|  |TAMS 0x00000000ff400000, 0x00000000ff400000| Untracked 
|  53|0x00000000ff500000, 0x00000000ff500000, 0x00000000ff600000|  0%| F|  |TAMS 0x00000000ff500000, 0x00000000ff500000| Untracked 
|  54|0x00000000ff600000, 0x00000000ff600000, 0x00000000ff700000|  0%| F|  |TAMS 0x00000000ff600000, 0x00000000ff600000| Untracked 
|  55|0x00000000ff700000, 0x00000000ff700000, 0x00000000ff800000|  0%| F|  |TAMS 0x00000000ff700000, 0x00000000ff700000| Untracked 
|  56|0x00000000ff800000, 0x00000000ff800000, 0x00000000ff900000|  0%| F|  |TAMS 0x00000000ff800000, 0x00000000ff800000| Untracked 
|  57|0x00000000ff900000, 0x00000000ff945b80, 0x00000000ffa00000| 27%| E|  |TAMS 0x00000000ff900000, 0x00000000ff900000| Complete 
|  58|0x00000000ffa00000, 0x00000000ffb00000, 0x00000000ffb00000|100%| E|CS|TAMS 0x00000000ffa00000, 0x00000000ffa00000| Complete 
|  59|0x00000000ffb00000, 0x00000000ffc00000, 0x00000000ffc00000|100%| E|CS|TAMS 0x00000000ffb00000, 0x00000000ffb00000| Complete 
|  60|0x00000000ffc00000, 0x00000000ffd00000, 0x00000000ffd00000|100%| E|CS|TAMS 0x00000000ffc00000, 0x00000000ffc00000| Complete 
|  61|0x00000000ffd00000, 0x00000000ffe00000, 0x00000000ffe00000|100%| E|CS|TAMS 0x00000000ffd00000, 0x00000000ffd00000| Complete 
|  62|0x00000000ffe00000, 0x00000000fff00000, 0x00000000fff00000|100%| E|CS|TAMS 0x00000000ffe00000, 0x00000000ffe00000| Complete 
|  63|0x00000000fff00000, 0x0000000100000000, 0x0000000100000000|100%| E|CS|TAMS 0x00000000fff00000, 0x00000000fff00000| Complete 

Card table byte_map: [0x00000159b6180000,0x00000159b61a0000] _byte_map_base: 0x00000159b59a0000

Marking Bits (Prev, Next): (CMBitMap*) 0x00000159b62664c0, (CMBitMap*) 0x00000159b6266500
 Prev Bits: [0x00000159cce30000, 0x00000159ccf30000)
 Next Bits: [0x00000159ccf30000, 0x00000159cd030000)

Polling page: 0x00000159b4250000

Metaspace:

Usage:
  Non-class:      8.08 MB used.
      Class:      1.23 MB used.
       Both:      9.31 MB used.

Virtual space:
  Non-class space:       64.00 MB reserved,       8.19 MB ( 13%) committed,  1 nodes.
      Class space:        1.00 GB reserved,       1.31 MB ( <1%) committed,  1 nodes.
             Both:        1.06 GB reserved,       9.50 MB ( <1%) committed. 

Chunk freelists:
   Non-Class:  7.69 MB
       Class:  14.51 MB
        Both:  22.20 MB

MaxMetaspaceSize: unlimited
CompressedClassSpaceSize: 1.00 GB
Initial GC threshold: 21.00 MB
Current GC threshold: 21.00 MB
CDS: on
MetaspaceReclaimPolicy: balanced
 - commit_granule_bytes: 65536.
 - commit_granule_words: 8192.
 - virtual_space_node_default_size: 8388608.
 - enlarge_chunks_in_place: 1.
 - new_chunks_are_fully_committed: 0.
 - uncommit_free_chunks: 1.
 - use_allocation_guard: 0.
 - handle_deallocations: 1.


Internal statistics:

num_allocs_failed_limit: 0.
num_arena_births: 80.
num_arena_deaths: 0.
num_vsnodes_births: 2.
num_vsnodes_deaths: 0.
num_space_committed: 152.
num_space_uncommitted: 0.
num_chunks_returned_to_freelist: 0.
num_chunks_taken_from_freelist: 343.
num_chunk_merges: 0.
num_chunk_splits: 227.
num_chunks_enlarged: 185.
num_inconsistent_stats: 0.

CodeHeap 'non-profiled nmethods': size=120000Kb used=785Kb max_used=785Kb free=119214Kb
 bounds [0x00000159c55d0000, 0x00000159c5840000, 0x00000159ccb00000]
CodeHeap 'profiled nmethods': size=120000Kb used=3518Kb max_used=3518Kb free=116481Kb
 bounds [0x00000159bdb00000, 0x00000159bde70000, 0x00000159c5030000]
CodeHeap 'non-nmethods': size=5760Kb used=1185Kb max_used=1202Kb free=4574Kb
 bounds [0x00000159c5030000, 0x00000159c52a0000, 0x00000159c55d0000]
 total_blobs=2338 nmethods=1870 adapters=381
 compilation: enabled
              stopped_count=0, restarted_count=0
 full_count=0

Compilation events (20 events):
Event: 61.821 Thread 0x00000159b630e9f0 nmethod 1860 0x00000159bde6b890 code [0x00000159bde6ba20, 0x00000159bde6bb98]
Event: 61.821 Thread 0x00000159b630e9f0 1857       3       org.gradle.internal.logging.text.AbstractLineChoppingStyledTextOutput$1::execute (9 bytes)
Event: 61.821 Thread 0x00000159b630e9f0 nmethod 1857 0x00000159bde6bc10 code [0x00000159bde6bdc0, 0x00000159bde6bfe8]
Event: 61.821 Thread 0x00000159b630e9f0 1858       3       org.gradle.internal.logging.text.AbstractLineChoppingStyledTextOutput$1::execute (140 bytes)
Event: 61.821 Thread 0x00000159b630d850 1866       4       org.gradle.internal.logging.text.AbstractLineChoppingStyledTextOutput::access$800 (4 bytes)
Event: 61.822 Thread 0x00000159b630d850 nmethod 1866 0x00000159c5693990 code [0x00000159c5693b00, 0x00000159c5693b58]
Event: 61.822 Thread 0x00000159b630d850 1867       4       org.gradle.internal.logging.text.AbstractLineChoppingStyledTextOutput::access$900 (4 bytes)
Event: 61.822 Thread 0x00000159b630d850 nmethod 1867 0x00000159c5693c90 code [0x00000159c5693e00, 0x00000159c5693e58]
Event: 61.822 Thread 0x00000159b630e9f0 nmethod 1858 0x00000159bde6c090 code [0x00000159bde6c3c0, 0x00000159bde6d478]
Event: 61.822 Thread 0x00000159b630e9f0 1862       3       org.gradle.internal.logging.text.AbstractLineChoppingStyledTextOutput$2::execute (9 bytes)
Event: 61.823 Thread 0x00000159b630e9f0 nmethod 1862 0x00000159bde6db90 code [0x00000159bde6dd40, 0x00000159bde6df68]
Event: 61.823 Thread 0x00000159b630e9f0 1863       3       org.gradle.internal.logging.text.AbstractLineChoppingStyledTextOutput$2::execute (77 bytes)
Event: 61.823 Thread 0x00000159b630d850 1868       4       org.gradle.internal.logging.text.AbstractLineChoppingStyledTextOutput$StateContext::isCurrentCharEquals (70 bytes)
Event: 61.823 Thread 0x00000159b630e9f0 nmethod 1863 0x00000159bde6e010 code [0x00000159bde6e2c0, 0x00000159bde6edc8]
Event: 61.823 Thread 0x00000159b630e9f0 1865       3       org.gradle.internal.logging.text.AbstractLineChoppingStyledTextOutput$StateContext::next (11 bytes)
Event: 61.823 Thread 0x00000159b630e9f0 nmethod 1865 0x00000159bde6f210 code [0x00000159bde6f3a0, 0x00000159bde6f4b8]
Event: 61.825 Thread 0x00000159b630d850 nmethod 1868 0x00000159c5693f90 code [0x00000159c5694120, 0x00000159c5694268]
Event: 61.891 Thread 0x00000159b630d850 1869       4       org.gradle.internal.logging.text.AbstractLineChoppingStyledTextOutput$StateContext::hasChar (25 bytes)
Event: 61.891 Thread 0x00000159b630d850 nmethod 1869 0x00000159c5694410 code [0x00000159c5694580, 0x00000159c5694618]
Event: 61.891 Thread 0x00000159b630d850 1870       4       org.gradle.internal.logging.text.AbstractLineChoppingStyledTextOutput$1::execute (9 bytes)

GC Heap History (4 events):
Event: 0.526 GC heap before
{Heap before GC invocations=0 (full 0):
 garbage-first heap   total 65536K, used 23552K [0x00000000fc000000, 0x0000000100000000)
  region size 1024K, 23 young (23552K), 0 survivors (0K)
 Metaspace       used 1709K, committed 1856K, reserved 1114112K
  class space    used 158K, committed 192K, reserved 1048576K
}
Event: 0.533 GC heap after
{Heap after GC invocations=1 (full 0):
 garbage-first heap   total 65536K, used 1792K [0x00000000fc000000, 0x0000000100000000)
  region size 1024K, 2 young (2048K), 2 survivors (2048K)
 Metaspace       used 1709K, committed 1856K, reserved 1114112K
  class space    used 158K, committed 192K, reserved 1048576K
}
Event: 1.541 GC heap before
{Heap before GC invocations=1 (full 0):
 garbage-first heap   total 65536K, used 34560K [0x00000000fc000000, 0x0000000100000000)
  region size 1024K, 32 young (32768K), 2 survivors (2048K)
 Metaspace       used 7670K, committed 7872K, reserved 1114112K
  class space    used 1049K, committed 1152K, reserved 1048576K
}
Event: 1.547 GC heap after
{Heap after GC invocations=2 (full 0):
 garbage-first heap   total 65536K, used 11303K [0x00000000fc000000, 0x0000000100000000)
  region size 1024K, 4 young (4096K), 4 survivors (4096K)
 Metaspace       used 7670K, committed 7872K, reserved 1114112K
  class space    used 1049K, committed 1152K, reserved 1048576K
}

Deoptimization events (20 events):
Event: 1.637 Thread 0x00000159b62454d0 DEOPT PACKING pc=0x00000159c5606df4 sp=0x0000002c0ecfc2c0
Event: 1.637 Thread 0x00000159b62454d0 DEOPT UNPACKING pc=0x00000159c5085ba3 sp=0x0000002c0ecfc258 mode 2
Event: 1.637 Thread 0x00000159b62454d0 Uncommon trap: trap_request=0xffffffde fr.pc=0x00000159c5607154 relative=0x00000000000000b4
Event: 1.637 Thread 0x00000159b62454d0 Uncommon trap: reason=class_check action=maybe_recompile pc=0x00000159c5607154 method=java.util.AbstractList$Itr.next()Ljava/lang/Object; @ 14 c2
Event: 1.637 Thread 0x00000159b62454d0 DEOPT PACKING pc=0x00000159c5607154 sp=0x0000002c0ecfc2b0
Event: 1.637 Thread 0x00000159b62454d0 DEOPT UNPACKING pc=0x00000159c5085ba3 sp=0x0000002c0ecfc248 mode 2
Event: 1.666 Thread 0x00000159b62454d0 Uncommon trap: trap_request=0xffffffde fr.pc=0x00000159c5606df4 relative=0x0000000000000074
Event: 1.666 Thread 0x00000159b62454d0 Uncommon trap: reason=class_check action=maybe_recompile pc=0x00000159c5606df4 method=java.util.AbstractList$Itr.hasNext()Z @ 8 c2
Event: 1.666 Thread 0x00000159b62454d0 DEOPT PACKING pc=0x00000159c5606df4 sp=0x0000002c0ecfd2f0
Event: 1.666 Thread 0x00000159b62454d0 DEOPT UNPACKING pc=0x00000159c5085ba3 sp=0x0000002c0ecfd288 mode 2
Event: 2.863 Thread 0x0000015a15cf55f0 Uncommon trap: trap_request=0xffffffde fr.pc=0x00000159c5607154 relative=0x00000000000000b4
Event: 2.863 Thread 0x0000015a15cf55f0 Uncommon trap: reason=class_check action=maybe_recompile pc=0x00000159c5607154 method=java.util.AbstractList$Itr.next()Ljava/lang/Object; @ 14 c2
Event: 2.863 Thread 0x0000015a15cf55f0 DEOPT PACKING pc=0x00000159c5607154 sp=0x0000002c104feea0
Event: 2.863 Thread 0x0000015a15cf55f0 DEOPT UNPACKING pc=0x00000159c5085ba3 sp=0x0000002c104fee38 mode 2
Event: 45.531 Thread 0x00000159b62454d0 DEOPT PACKING pc=0x00000159bdd91ccd sp=0x0000002c0ecfce70
Event: 45.531 Thread 0x00000159b62454d0 DEOPT UNPACKING pc=0x00000159c50866e3 sp=0x0000002c0ecfc308 mode 0
Event: 61.397 Thread 0x00000159b62454d0 Uncommon trap: trap_request=0xffffff45 fr.pc=0x00000159c5691a00 relative=0x0000000000000560
Event: 61.397 Thread 0x00000159b62454d0 Uncommon trap: reason=unstable_if action=reinterpret pc=0x00000159c5691a00 method=com.esotericsoftware.kryo.io.Input.readUtf8(I)V @ 79 c2
Event: 61.398 Thread 0x00000159b62454d0 DEOPT PACKING pc=0x00000159c5691a00 sp=0x0000002c0ecfcf00
Event: 61.398 Thread 0x00000159b62454d0 DEOPT UNPACKING pc=0x00000159c5085ba3 sp=0x0000002c0ecfce98 mode 2

Classes unloaded (0 events):
No events

Classes redefined (0 events):
No events

Internal exceptions (20 events):
Event: 1.013 Thread 0x00000159b62454d0 Exception <a 'java/lang/NoSuchMethodError'{0x00000000ff186620}: 'java.lang.Object java.lang.invoke.DirectMethodHandle$Holder.invokeStaticInit(java.lang.Object)'> (0x00000000ff186620) 
thrown [s\open\src\hotspot\share\interpreter\linkResolver.cpp, line 759]
Event: 1.032 Thread 0x00000159b62454d0 Exception <a 'java/lang/NoSuchMethodError'{0x00000000ff1a12e8}: 'int java.lang.invoke.DirectMethodHandle$Holder.invokeSpecial(java.lang.Object, java.lang.Object, java.lang.Object)'> (0x00000000ff1a12e8) 
thrown [s\open\src\hotspot\share\interpreter\linkResolver.cpp, line 759]
Event: 1.040 Thread 0x00000159b62454d0 Exception <a 'java/lang/NoSuchMethodError'{0x00000000ff1dde58}: 'void java.lang.invoke.DirectMethodHandle$Holder.invokeStatic(java.lang.Object, java.lang.Object)'> (0x00000000ff1dde58) 
thrown [s\open\src\hotspot\share\interpreter\linkResolver.cpp, line 759]
Event: 1.042 Thread 0x00000159b62454d0 Implicit null exception at 0x00000159c562a60f to 0x00000159c562ab50
Event: 1.042 Thread 0x00000159b62454d0 Implicit null exception at 0x00000159c5617b8f to 0x00000159c56180dc
Event: 1.042 Thread 0x00000159b62454d0 Implicit null exception at 0x00000159c560088f to 0x00000159c5600909
Event: 1.061 Thread 0x00000159b62454d0 Exception <a 'java/lang/NoClassDefFoundError'{0x00000000ff059740}: org/slf4j/impl/StaticMarkerBinder> (0x00000000ff059740) 
thrown [s\open\src\hotspot\share\classfile\systemDictionary.cpp, line 245]
Event: 1.093 Thread 0x00000159b62454d0 Exception <a 'java/lang/NoSuchMethodError'{0x00000000fef7cf40}: 'java.lang.Object java.lang.invoke.Invokers$Holder.invoker(java.lang.Object, java.lang.Object, java.lang.Object)'> (0x00000000fef7cf40) 
thrown [s\open\src\hotspot\share\interpreter\linkResolver.cpp, line 759]
Event: 1.094 Thread 0x00000159b62454d0 Exception <a 'java/lang/NoSuchMethodError'{0x00000000fef86300}: 'java.lang.Object java.lang.invoke.DirectMethodHandle$Holder.invokeStatic(java.lang.Object, java.lang.Object, int)'> (0x00000000fef86300) 
thrown [s\open\src\hotspot\share\interpreter\linkResolver.cpp, line 759]
Event: 1.095 Thread 0x00000159b62454d0 Exception <a 'java/lang/NoSuchMethodError'{0x00000000fef91ff0}: 'void java.lang.invoke.DelegatingMethodHandle$Holder.delegate(java.lang.Object, java.lang.Object, int, java.lang.Object)'> (0x00000000fef91ff0) 
thrown [s\open\src\hotspot\share\interpreter\linkResolver.cpp, line 759]
Event: 1.096 Thread 0x00000159b62454d0 Exception <a 'java/lang/NoSuchMethodError'{0x00000000fefa5638}: 'java.lang.Object java.lang.invoke.Invokers$Holder.invokeExact_MT(java.lang.Object, java.lang.Object, java.lang.Object, java.lang.Object)'> (0x00000000fefa5638) 
thrown [s\open\src\hotspot\share\interpreter\linkResolver.cpp, line 759]
Event: 1.104 Thread 0x00000159b62454d0 Exception <a 'java/lang/NoSuchMethodError'{0x00000000fefcfa68}: 'java.lang.Object java.lang.invoke.DirectMethodHandle$Holder.invokeVirtual(java.lang.Object, java.lang.Object, java.lang.Object)'> (0x00000000fefcfa68) 
thrown [s\open\src\hotspot\share\interpreter\linkResolver.cpp, line 759]
Event: 1.212 Thread 0x00000159b62454d0 Exception <a 'java/lang/NoSuchMethodError'{0x00000000febe9d28}: 'java.lang.Object java.lang.invoke.DirectMethodHandle$Holder.newInvokeSpecial(java.lang.Object, java.lang.Object, java.lang.Object, java.lang.Object, java.lang.Object)'> (0x00000000febe9d28) 
thrown [s\open\src\hotspot\share\interpreter\linkResolver.cpp, line 759]
Event: 1.236 Thread 0x00000159b62454d0 Exception <a 'java/lang/NoSuchMethodError'{0x00000000fe917f48}: 'void java.lang.invoke.DirectMethodHandle$Holder.invokeSpecial(java.lang.Object, java.lang.Object, java.lang.Object)'> (0x00000000fe917f48) 
thrown [s\open\src\hotspot\share\interpreter\linkResolver.cpp, line 759]
Event: 1.387 Thread 0x00000159b62454d0 Exception <a 'java/lang/NoSuchMethodError'{0x00000000fe5ba2a8}: 'void java.lang.invoke.DirectMethodHandle$Holder.invokeStatic(java.lang.Object, java.lang.Object, java.lang.Object)'> (0x00000000fe5ba2a8) 
thrown [s\open\src\hotspot\share\interpreter\linkResolver.cpp, line 759]
Event: 1.440 Thread 0x00000159b62454d0 Exception <a 'java/lang/NoSuchMethodError'{0x00000000fe254708}: 'java.lang.Object java.lang.invoke.DirectMethodHandle$Holder.newInvokeSpecial(java.lang.Object, java.lang.Object, java.lang.Object, java.lang.Object, java.lang.Object, java.lang.Object, java.lang.Object, java.lang.Object, java.lang.Object, java.lang.Object, java.lang.Object, java.lang.Object, java.lang.Object, java.lang.Object, java.lang.Object, java.lang.Object, java.lang.Object, java.lang.Object, java.lang.Object, java.lang.Object, java.lang
Event: 1.440 Thread 0x00000159b62454d0 Exception <a 'java/lang/NoSuchMethodError'{0x00000000fe260d10}: 'java.lang.Object java.lang.invoke.Invokers$Holder.linkToTargetMethod(java.lang.Object, java.lang.Object, java.lang.Object, java.lang.Object, java.lang.Object, java.lang.Object, java.lang.Object, java.lang.Object, java.lang.Object, java.lang.Object, java.lang.Object, java.lang.Object, java.lang.Object, java.lang.Object, java.lang.Object, java.lang.Object, java.lang.Object, java.lang.Object, java.lang.Object, java.lang.Object, java.lang.Object,
Event: 1.487 Thread 0x00000159b62454d0 Exception <a 'java/lang/NoSuchMethodError'{0x00000000fe0c5558}: 'java.lang.Object java.lang.invoke.DirectMethodHandle$Holder.invokeStaticInit(java.lang.Object, int, int, int, int)'> (0x00000000fe0c5558) 
thrown [s\open\src\hotspot\share\interpreter\linkResolver.cpp, line 759]
Event: 1.559 Thread 0x00000159b62454d0 Exception <a 'java/lang/NoSuchMethodError'{0x00000000fff1b5f8}: 'java.lang.Object java.lang.invoke.DirectMethodHandle$Holder.invokeStaticInit(java.lang.Object, java.lang.Object, int, int, int, int)'> (0x00000000fff1b5f8) 
thrown [s\open\src\hotspot\share\interpreter\linkResolver.cpp, line 759]
Event: 1.582 Thread 0x00000159b62454d0 Implicit null exception at 0x00000159c5619072 to 0x00000159c56196b0

VM Operations (20 events):
Event: 30.855 Executing VM operation: Cleanup
Event: 30.855 Executing VM operation: Cleanup done
Event: 32.869 Executing VM operation: Cleanup
Event: 32.869 Executing VM operation: Cleanup done
Event: 35.883 Executing VM operation: Cleanup
Event: 35.883 Executing VM operation: Cleanup done
Event: 38.908 Executing VM operation: Cleanup
Event: 38.908 Executing VM operation: Cleanup done
Event: 39.921 Executing VM operation: Cleanup
Event: 39.921 Executing VM operation: Cleanup done
Event: 44.963 Executing VM operation: Cleanup
Event: 44.963 Executing VM operation: Cleanup done
Event: 46.976 Executing VM operation: Cleanup
Event: 46.976 Executing VM operation: Cleanup done
Event: 53.023 Executing VM operation: Cleanup
Event: 53.023 Executing VM operation: Cleanup done
Event: 60.025 Executing VM operation: HandshakeAllThreads
Event: 60.025 Executing VM operation: HandshakeAllThreads done
Event: 61.029 Executing VM operation: Cleanup
Event: 61.029 Executing VM operation: Cleanup done

Events (20 events):
Event: 61.354 loading class jdk/internal/logger/LazyLoggers$LazyLoggerFactories
Event: 61.354 loading class jdk/internal/logger/LazyLoggers$LazyLoggerFactories done
Event: 61.357 loading class jdk/internal/logger/LoggerFinderLoader
Event: 61.359 loading class jdk/internal/logger/LoggerFinderLoader done
Event: 61.360 loading class jdk/internal/logger/LoggerFinderLoader$TemporaryLoggerFinder
Event: 61.361 loading class jdk/internal/logger/LoggerFinderLoader$TemporaryLoggerFinder done
Event: 61.372 loading class sun/util/logging/internal/LoggingProviderImpl$JULWrapper
Event: 61.373 loading class sun/util/logging/PlatformLogger$ConfigurableBridge$LoggerConfiguration
Event: 61.377 loading class sun/util/logging/PlatformLogger$ConfigurableBridge$LoggerConfiguration done
Event: 61.379 loading class sun/util/logging/internal/LoggingProviderImpl$JULWrapper done
Event: 61.380 loading class java/io/ObjectInputFilter
Event: 61.384 loading class java/io/ObjectInputFilter done
Event: 61.387 loading class java/io/ObjectInputFilter$Config$BuiltinFilterFactory
Event: 61.387 loading class java/io/ObjectInputFilter$Config$BuiltinFilterFactory done
Event: 61.387 loading class jdk/internal/access/JavaObjectInputFilterAccess
Event: 61.388 loading class jdk/internal/access/JavaObjectInputFilterAccess done
Event: 61.388 loading class java/lang/System$Logger$Level
Event: 61.390 loading class java/lang/System$Logger$Level done
Event: 61.391 loading class java/io/Bits
Event: 61.393 loading class java/io/Bits done


Dynamic libraries:
0x00007ff721e40000 - 0x00007ff721e50000 	C:\Program Files\Java\jdk-17\bin\java.exe
0x00007ff947ed0000 - 0x00007ff9480e7000 	C:\WINDOWS\SYSTEM32\ntdll.dll
0x00007ff9463d0000 - 0x00007ff946494000 	C:\WINDOWS\System32\KERNEL32.DLL
0x00007ff9452c0000 - 0x00007ff945692000 	C:\WINDOWS\System32\KERNELBASE.dll
0x00007ff945a40000 - 0x00007ff945b51000 	C:\WINDOWS\System32\ucrtbase.dll
0x00007ff8ea270000 - 0x00007ff8ea289000 	C:\Program Files\Java\jdk-17\bin\jli.dll
0x00007ff947700000 - 0x00007ff9477b1000 	C:\WINDOWS\System32\ADVAPI32.dll
0x00007ff8d36b0000 - 0x00007ff8d36cb000 	C:\Program Files\Java\jdk-17\bin\VCRUNTIME140.dll
0x00007ff9462a0000 - 0x00007ff946347000 	C:\WINDOWS\System32\msvcrt.dll
0x00007ff9465b0000 - 0x00007ff946658000 	C:\WINDOWS\System32\sechost.dll
0x00007ff9457e0000 - 0x00007ff945808000 	C:\WINDOWS\System32\bcrypt.dll
0x00007ff9475e0000 - 0x00007ff9476f4000 	C:\WINDOWS\System32\RPCRT4.dll
0x00007ff9466f0000 - 0x00007ff9468a1000 	C:\WINDOWS\System32\USER32.dll
0x00007ff945290000 - 0x00007ff9452b6000 	C:\WINDOWS\System32\win32u.dll
0x00007ff946270000 - 0x00007ff946299000 	C:\WINDOWS\System32\GDI32.dll
0x00007ff9450e0000 - 0x00007ff945203000 	C:\WINDOWS\System32\gdi32full.dll
0x00007ff92f7a0000 - 0x00007ff92fa3b000 	C:\WINDOWS\WinSxS\amd64_microsoft.windows.common-controls_6595b64144ccf1df_6.0.22621.5547_none_27104afb73855772\COMCTL32.dll
0x00007ff944fc0000 - 0x00007ff94505a000 	C:\WINDOWS\System32\msvcp_win.dll
0x00007ff93cb80000 - 0x00007ff93cb8a000 	C:\WINDOWS\SYSTEM32\VERSION.dll
0x00007ff945fe0000 - 0x00007ff946011000 	C:\WINDOWS\System32\IMM32.DLL
0x00007ff914d50000 - 0x00007ff914d5c000 	C:\Program Files\Java\jdk-17\bin\vcruntime140_1.dll
0x00007ff8d3620000 - 0x00007ff8d36ae000 	C:\Program Files\Java\jdk-17\bin\msvcp140.dll
0x00007ff8d2a40000 - 0x00007ff8d3620000 	C:\Program Files\Java\jdk-17\bin\server\jvm.dll
0x00007ff9466e0000 - 0x00007ff9466e8000 	C:\WINDOWS\System32\PSAPI.DLL
0x00007ff90fa00000 - 0x00007ff90fa09000 	C:\WINDOWS\SYSTEM32\WSOCK32.dll
0x00007ff946660000 - 0x00007ff9466d1000 	C:\WINDOWS\System32\WS2_32.dll
0x00007ff93efd0000 - 0x00007ff93f004000 	C:\WINDOWS\SYSTEM32\WINMM.dll
0x00007ff943fc0000 - 0x00007ff943fd8000 	C:\WINDOWS\SYSTEM32\kernel.appcore.dll
0x00007ff90c0c0000 - 0x00007ff90c0ca000 	C:\Program Files\Java\jdk-17\bin\jimage.dll
0x00007ff942880000 - 0x00007ff942ab3000 	C:\WINDOWS\SYSTEM32\DBGHELP.DLL
0x00007ff947160000 - 0x00007ff9474f3000 	C:\WINDOWS\System32\combase.dll
0x00007ff947500000 - 0x00007ff9475d7000 	C:\WINDOWS\System32\OLEAUT32.dll
0x00007ff91af10000 - 0x00007ff91af42000 	C:\WINDOWS\SYSTEM32\dbgcore.DLL
0x00007ff945060000 - 0x00007ff9450db000 	C:\WINDOWS\System32\bcryptPrimitives.dll
0x00007ff8d2a10000 - 0x00007ff8d2a35000 	C:\Program Files\Java\jdk-17\bin\java.dll
0x00007ff8d2930000 - 0x00007ff8d2a07000 	C:\Program Files\Java\jdk-17\bin\jsvml.dll
0x00007ff9468b0000 - 0x00007ff947152000 	C:\WINDOWS\System32\SHELL32.dll
0x00007ff9456a0000 - 0x00007ff9457df000 	C:\WINDOWS\System32\wintypes.dll
0x00007ff942ea0000 - 0x00007ff9437bd000 	C:\WINDOWS\SYSTEM32\windows.storage.dll
0x00007ff9464a0000 - 0x00007ff9465ac000 	C:\WINDOWS\System32\SHCORE.dll
0x00007ff945f70000 - 0x00007ff945fd9000 	C:\WINDOWS\System32\shlwapi.dll
0x00007ff944ef0000 - 0x00007ff944f1b000 	C:\WINDOWS\SYSTEM32\profapi.dll
0x00007ff8d2910000 - 0x00007ff8d2929000 	C:\Program Files\Java\jdk-17\bin\net.dll
0x00007ff940830000 - 0x00007ff94095c000 	C:\WINDOWS\SYSTEM32\WINHTTP.dll
0x00007ff944450000 - 0x00007ff9444b9000 	C:\WINDOWS\system32\mswsock.dll
0x00007ff8d28f0000 - 0x00007ff8d2906000 	C:\Program Files\Java\jdk-17\bin\nio.dll
0x00007ff8d28d0000 - 0x00007ff8d28e8000 	C:\Program Files\Java\jdk-17\bin\zip.dll
0x00007ff8ffe40000 - 0x00007ff8ffe50000 	C:\Program Files\Java\jdk-17\bin\verify.dll
0x00007ff8ea310000 - 0x00007ff8ea31a000 	C:\Program Files\Java\jdk-17\bin\management.dll
0x00007ff8e7fc0000 - 0x00007ff8e7fcb000 	C:\Program Files\Java\jdk-17\bin\management_ext.dll
0x00007ff8d3bf0000 - 0x00007ff8d3c17000 	C:\Users\ericy\.gradle\native\1def1411415f61bf3af743bc5b6707747c0891f09f0c88961ee8f79bc544acac\windows-amd64\native-platform.dll
0x00007ff938bd0000 - 0x00007ff938bda000 	C:\Users\ericy\.gradle\native\jansi\1.18\windows64\jansi.dll
0x00007ff943a10000 - 0x00007ff943a3d000 	C:\WINDOWS\SYSTEM32\IPHLPAPI.DLL
0x00007ff947cb0000 - 0x00007ff947cb9000 	C:\WINDOWS\System32\NSI.dll
0x00007ff940bd0000 - 0x00007ff940be9000 	C:\WINDOWS\SYSTEM32\dhcpcsvc6.DLL
0x00007ff9406c0000 - 0x00007ff9406df000 	C:\WINDOWS\SYSTEM32\dhcpcsvc.DLL
0x00007ff943a40000 - 0x00007ff943b38000 	C:\WINDOWS\SYSTEM32\DNSAPI.dll
0x00007ff9446d0000 - 0x00007ff9446eb000 	C:\WINDOWS\SYSTEM32\CRYPTSP.dll
0x00007ff943f20000 - 0x00007ff943f57000 	C:\WINDOWS\system32\rsaenh.dll
0x00007ff944540000 - 0x00007ff944568000 	C:\WINDOWS\SYSTEM32\USERENV.dll
0x00007ff9446c0000 - 0x00007ff9446cc000 	C:\WINDOWS\SYSTEM32\CRYPTBASE.dll
0x00007ff9096d0000 - 0x00007ff9096de000 	C:\Program Files\Java\jdk-17\bin\sunmscapi.dll
0x00007ff9458d0000 - 0x00007ff945a37000 	C:\WINDOWS\System32\CRYPT32.dll
0x00007ff944880000 - 0x00007ff9448ad000 	C:\WINDOWS\SYSTEM32\ncrypt.dll
0x00007ff944840000 - 0x00007ff944877000 	C:\WINDOWS\SYSTEM32\NTASN1.dll
0x00007ff8c2b70000 - 0x00007ff8c2b78000 	C:\WINDOWS\system32\wshunix.dll

dbghelp: loaded successfully - version: 4.0.5 - missing functions: none
symbol engine: initialized successfully - sym options: 0x614 - pdb path: .;C:\Program Files\Java\jdk-17\bin;C:\WINDOWS\SYSTEM32;C:\WINDOWS\WinSxS\amd64_microsoft.windows.common-controls_6595b64144ccf1df_6.0.22621.5547_none_27104afb73855772;C:\Program Files\Java\jdk-17\bin\server;C:\Users\ericy\.gradle\native\1def1411415f61bf3af743bc5b6707747c0891f09f0c88961ee8f79bc544acac\windows-amd64;C:\Users\ericy\.gradle\native\jansi\1.18\windows64

VM Arguments:
jvm_args: -Xmx64m -Xms64m -Dorg.gradle.appname=gradlew 
java_command: C:\Users\ericy\aviatorQuiz\android\\gradle\wrapper\gradle-wrapper.jar app:installDebug -PreactNativeDevServerPort=8081
java_class_path (initial): C:\Users\ericy\aviatorQuiz\android\\gradle\wrapper\gradle-wrapper.jar
Launcher Type: SUN_STANDARD

[Global flags]
     intx CICompilerCount                          = 4                                         {product} {ergonomic}
     uint ConcGCThreads                            = 2                                         {product} {ergonomic}
     uint G1ConcRefinementThreads                  = 8                                         {product} {ergonomic}
   size_t G1HeapRegionSize                         = 1048576                                   {product} {ergonomic}
    uintx GCDrainStackTargetSize                   = 64                                        {product} {ergonomic}
   size_t InitialHeapSize                          = 67108864                                  {product} {command line}
   size_t MarkStackSize                            = 4194304                                   {product} {ergonomic}
   size_t MaxHeapSize                              = 67108864                                  {product} {command line}
   size_t MaxNewSize                               = 39845888                                  {product} {ergonomic}
   size_t MinHeapDeltaBytes                        = 1048576                                   {product} {ergonomic}
   size_t MinHeapSize                              = 67108864                                  {product} {command line}
    uintx NonNMethodCodeHeapSize                   = 5839372                                {pd product} {ergonomic}
    uintx NonProfiledCodeHeapSize                  = 122909434                              {pd product} {ergonomic}
    uintx ProfiledCodeHeapSize                     = 122909434                              {pd product} {ergonomic}
    uintx ReservedCodeCacheSize                    = 251658240                              {pd product} {ergonomic}
     bool SegmentedCodeCache                       = true                                      {product} {ergonomic}
   size_t SoftMaxHeapSize                          = 67108864                               {manageable} {ergonomic}
     bool UseCompressedClassPointers               = true                           {product lp64_product} {ergonomic}
     bool UseCompressedOops                        = true                           {product lp64_product} {ergonomic}
     bool UseG1GC                                  = true                                      {product} {ergonomic}
     bool UseLargePagesIndividualAllocation        = false                                  {pd product} {ergonomic}

Logging:
Log output configuration:
 #0: stdout all=warning uptime,level,tags
 #1: stderr all=off uptime,level,tags

Environment Variables:
JAVA_HOME=C:\Program Files\Java\jdk-17
PATH=C:\Users\ericy\aviatorQuiz\node_modules\.bin;C:\Users\ericy\aviatorQuiz\node_modules\.bin;C:\Users\ericy\node_modules\.bin;C:\Users\node_modules\.bin;C:\node_modules\.bin;C:\Users\ericy\AppData\Roaming\nvm\v20.19.4\node_modules\npm\node_modules\@npmcli\run-script\lib\node-gyp-bin;C:\Program Files\Common Files\Oracle\Java\javapath;C:\Program Files\Eclipse Adoptium\jdk-11.0.16.101-hotspot\bin;C:\WINDOWS\system32;C:\WINDOWS;C:\WINDOWS\System32\Wbem;C:\WINDOWS\System32\WindowsPowerShell\v1.0\;C:\WINDOWS\System32\OpenSSH\;C:\Users\ericy\AppData\Local\Android\Sdk\platform-tools;C:\Program Files\Android\Android Studio\jre\bin;C:\ProgramData\chocolatey\bin;C:\Program Files\OpenSSL-Win64\bin;C:\Program Files\Git\cmd;C:\Program Files\Docker\Docker\resources\bin;C:\Users\ericy\AppData\Roaming\nvm;C:\Program Files\nodejs;C:\Program Files\PuTTY\;C:\Users\ericy\AppData\Local\Microsoft\WindowsApps;C:\Users\ericy\AppData\Local\Programs\Microsoft VS Code\bin;C:\Users\ericy\AppData\Roaming\npm;C:\Users\ericy\AppData\Local\Android\Sdk\platform-tools;C:\Program Files\gradle-8.0-bin\gradle-8.0\bin;C:\Users\ericy\AppData\Roaming\nvm;C:\Program Files\nodejs;C:\Users\ericy\AppData\Local\Programs\cursor\resources\app\bin
USERNAME=ericy
LANG=en_US.UTF-8
OS=Windows_NT
PROCESSOR_IDENTIFIER=Intel64 Family 6 Model 140 Stepping 1, GenuineIntel



---------------  S Y S T E M  ---------------

OS:
 Windows 11 , 64 bit Build 22621 (10.0.22621.5415)
OS uptime: 0 days 1:04 hours
Hyper-V role detected

CPU: total 8 (initial active 8) (4 cores per cpu, 2 threads per core) family 6 model 140 stepping 1 microcode 0xbc, cx8, cmov, fxsr, ht, mmx, 3dnowpref, sse, sse2, sse3, ssse3, sse4.1, sse4.2, popcnt, lzcnt, tsc, tscinvbit, avx, avx2, aes, erms, clmul, bmi1, bmi2, adx, avx512f, avx512dq, avx512cd, avx512bw, avx512vl, sha, fma, vzeroupper, avx512_vpopcntdq, avx512_vpclmulqdq, avx512_vaes, avx512_vnni, clflush, clflushopt, clwb, avx512_vbmi2, avx512_vbmi, hv

Memory: 4k page, system-wide physical 7926M (435M free)
TotalPageFile size 14428M (AvailPageFile size 107M)
current process WorkingSet (physical memory assigned to process): 61M, peak: 113M
current process commit charge ("private bytes"): 165M, peak: 175M

vm_info: Java HotSpot(TM) 64-Bit Server VM (17.0.11+7-LTS-207) for windows-amd64 JRE (17.0.11+7-LTS-207), built on Mar 11 2024 19:01:50 by "mach5one" with MS VC++ 17.6 (VS2022)

END.
